<?xml version="1.0" encoding="UTF-8"?>
<!-- Generated by org.testng.reporters.JUnitXMLReporter -->
<testsuite ignored="4" hostname="TL0054" failures="0" tests="3" name="Default test" time="1.769" errors="0" timestamp="2025-07-21T15:07:31 IST">
  <testcase classname="test.api.salesforce.TC001_CreateLead" name="runCreateNewCase" time="0.743"/>
  <testcase classname="test.api.salesforce.TC002_EditLead" name="runCreateNewCase" time="0.652"/>
  <testcase classname="test.api.salesforce.TC003_GetLead" name="runCreateNewCase" time="0.249"/>
  <testcase classname="com.framework.utils.Reporter" name="@BeforeSuite startReport" time="0.0">
    <ignored/>
  </testcase> <!-- @BeforeSuite startReport -->
  <testcase classname="com.framework.utils.Reporter" name="@AfterSuite endResult" time="0.0">
    <ignored/>
  </testcase> <!-- @AfterSuite endResult -->
  <testcase classname="com.framework.utils.Reporter" name="@AfterSuite endResult" time="0.0">
    <ignored/>
  </testcase> <!-- @AfterSuite endResult -->
  <testcase classname="com.framework.utils.Reporter" name="@BeforeSuite startReport" time="0.0">
    <ignored/>
  </testcase> <!-- @BeforeSuite startReport -->
</testsuite> <!-- Default test -->
